android/app/build/intermediates/manifest_merge_blame_file/debug/manifest-merger-blame-debug-report.txt
1<?xml version="1.0" encoding="utf-8"?>
2<manifest xmlns:android="http://schemas.android.com/apk/res/android"
3    package="com.swapaporter"
4    android:versionCode="1"
5    android:versionName="1.0" >
6
7    <uses-sdk
8        android:minSdkVersion="21"
9        android:targetSdkVersion="29" />
10
11    <uses-permission android:name="android.permission.SYSTEM_ALERT_WINDOW" />
11-->src\debug\AndroidManifest.xml:5:5-77
11-->src\debug\AndroidManifest.xml:5:22-75
12    <uses-permission android:name="android.permission.INTERNET" />
12-->[com.facebook.flipper:flipper:0.37.0] AndroidManifest.xml:15:5-67
12-->[com.facebook.flipper:flipper:0.37.0] AndroidManifest.xml:15:22-64
13    <uses-permission android:name="android.permission.ACCESS_WIFI_STATE" />
13-->[com.facebook.flipper:flipper:0.37.0] AndroidManifest.xml:16:5-76
13-->[com.facebook.flipper:flipper:0.37.0] AndroidManifest.xml:16:22-73
14    <uses-permission android:name="android.permission.WRITE_EXTERNAL_STORAGE" />
14-->[:expo-file-system] AndroidManifest.xml:13:5-81
14-->[:expo-file-system] AndroidManifest.xml:13:22-78
15    <uses-permission android:name="android.permission.READ_EXTERNAL_STORAGE" />
15-->[:expo-file-system] AndroidManifest.xml:14:5-80
15-->[:expo-file-system] AndroidManifest.xml:14:22-77
16    <uses-permission android:name="android.permission.STORAGE" />
16-->[:expo-file-system] AndroidManifest.xml:15:5-66
16-->[:expo-file-system] AndroidManifest.xml:15:22-63
17
18    <application
18-->src\main\AndroidManifest.xml:5:5-36:19
19        android:name="com.swapaporter.MainApplication"
19-->src\main\AndroidManifest.xml:6:7-38
20        android:allowBackup="false"
20-->src\main\AndroidManifest.xml:10:7-34
21        android:appComponentFactory="androidx.core.app.CoreComponentFactory"
21-->[androidx.core:core:1.1.0] AndroidManifest.xml:24:18-86
22        android:debuggable="true"
23        android:icon="@mipmap/ic_launcher"
23-->src\main\AndroidManifest.xml:8:7-41
24        android:label="@string/app_name"
24-->src\main\AndroidManifest.xml:7:7-39
25        android:roundIcon="@mipmap/ic_launcher_round"
25-->src\main\AndroidManifest.xml:9:7-52
26        android:theme="@style/AppTheme"
26-->src\main\AndroidManifest.xml:11:7-38
27        android:usesCleartextTraffic="true" >
27-->src\debug\AndroidManifest.xml:7:18-53
28        <activity
28-->src\main\AndroidManifest.xml:12:7-22:18
29            android:name="com.swapaporter.MainActivity"
29-->src\main\AndroidManifest.xml:13:9-37
30            android:configChanges="keyboard|keyboardHidden|orientation|screenSize|uiMode"
30-->src\main\AndroidManifest.xml:15:9-86
31            android:label="@string/app_name"
31-->src\main\AndroidManifest.xml:14:9-41
32            android:launchMode="singleTask"
32-->src\main\AndroidManifest.xml:16:9-40
33            android:windowSoftInputMode="adjustResize" >
33-->src\main\AndroidManifest.xml:17:9-51
34            <intent-filter>
34-->src\main\AndroidManifest.xml:18:9-21:25
35                <action android:name="android.intent.action.MAIN" />
35-->src\main\AndroidManifest.xml:19:13-65
35-->src\main\AndroidManifest.xml:19:21-62
36
37                <category android:name="android.intent.category.LAUNCHER" />
37-->src\main\AndroidManifest.xml:20:13-73
37-->src\main\AndroidManifest.xml:20:23-70
38            </intent-filter>
39        </activity>
40        <activity android:name="com.facebook.react.devsupport.DevSettingsActivity" />
40-->src\main\AndroidManifest.xml:23:7-84
40-->src\main\AndroidManifest.xml:23:17-81
41        <activity android:name="com.microsoft.identity.client.BrowserTabActivity" >
41-->src\main\AndroidManifest.xml:24:3-35:20
41-->src\main\AndroidManifest.xml:25:9-72
42            <intent-filter>
42-->src\main\AndroidManifest.xml:26:13-34:29
43                <action android:name="android.intent.action.VIEW" />
43-->src\main\AndroidManifest.xml:27:17-68
43-->src\main\AndroidManifest.xml:27:25-66
44
45                <category android:name="android.intent.category.DEFAULT" />
45-->src\main\AndroidManifest.xml:28:17-75
45-->src\main\AndroidManifest.xml:28:27-73
46                <category android:name="android.intent.category.BROWSABLE" />
46-->src\main\AndroidManifest.xml:29:17-77
46-->src\main\AndroidManifest.xml:29:27-75
47
48                <data
48-->src\main\AndroidManifest.xml:30:27-33:70
49                    android:host="com.swapaporter"
49-->src\main\AndroidManifest.xml:32:17-47
50                    android:path="/2jmj7l5rSw0yVb%2FvlWAYkK%2FYBwk%3D"
50-->src\main\AndroidManifest.xml:33:17-67
51                    android:scheme="msauth" />
51-->src\main\AndroidManifest.xml:31:17-40
52            </intent-filter>
53        </activity>
54
55        <meta-data
55-->[:unimodules-react-native-adapter] AndroidManifest.xml:12:9-14:91
56            android:name="org.unimodules.core.AppLoader#react-native-headless"
56-->[:unimodules-react-native-adapter] AndroidManifest.xml:13:13-79
57            android:value="org.unimodules.adapters.react.apploader.RNHeadlessAppLoader" />
57-->[:unimodules-react-native-adapter] AndroidManifest.xml:14:13-88
58
59        <provider
59-->[:react-native-webview] AndroidManifest.xml:12:9-20:20
60            android:name="com.reactnativecommunity.webview.RNCWebViewFileProvider"
60-->[:react-native-webview] AndroidManifest.xml:13:13-83
61            android:authorities="com.swapaporter.fileprovider"
61-->[:react-native-webview] AndroidManifest.xml:14:13-64
62            android:exported="false"
62-->[:react-native-webview] AndroidManifest.xml:15:13-37
63            android:grantUriPermissions="true" >
63-->[:react-native-webview] AndroidManifest.xml:16:13-47
64            <meta-data
64-->[:react-native-webview] AndroidManifest.xml:17:13-19:63
65                android:name="android.support.FILE_PROVIDER_PATHS"
65-->[:react-native-webview] AndroidManifest.xml:18:17-67
66                android:resource="@xml/file_provider_paths" />
66-->[:react-native-webview] AndroidManifest.xml:19:17-60
67        </provider>
68        <provider
68-->[:expo-file-system] AndroidManifest.xml:18:9-27:20
69            android:name="expo.modules.filesystem.FileSystemFileProvider"
69-->[:expo-file-system] AndroidManifest.xml:19:13-74
70            android:authorities="com.swapaporter.FileSystemFileProvider"
70-->[:expo-file-system] AndroidManifest.xml:20:13-74
71            android:exported="false"
71-->[:expo-file-system] AndroidManifest.xml:21:13-37
72            android:grantUriPermissions="true" >
72-->[:expo-file-system] AndroidManifest.xml:22:13-47
73            <meta-data
73-->[:react-native-webview] AndroidManifest.xml:17:13-19:63
74                android:name="android.support.FILE_PROVIDER_PATHS"
74-->[:react-native-webview] AndroidManifest.xml:18:17-67
75                android:resource="@xml/file_system_provider_paths" />
75-->[:react-native-webview] AndroidManifest.xml:19:17-60
76        </provider>
77    </application>
78
79</manifest>